# JRE version: Java(TM) SE Runtime Environment (8.0_112-b16) (build 1.8.0_112-b16)
# Java VM: Java HotSpot(TM) 64-Bit Server VM (25.112-b16 mixed mode bsd-amd64 compressed oops)
Heap:
 PSYoungGen      total 76288K, used 11539K [0x000000076ab00000, 0x0000000770000000, 0x00000007c0000000)
  eden space 65536K, 1% used [0x000000076ab00000,0x000000076ac33fd8,0x000000076eb00000)
  from space 10752K, 95% used [0x000000076f580000,0x000000076ff90d80,0x0000000770000000)
  to   space 10752K, 0% used [0x000000076eb00000,0x000000076eb00000,0x000000076f580000)
 ParOldGen       total 175104K, used 79624K [0x00000006c0000000, 0x00000006cab00000, 0x000000076ab00000)
  object space 175104K, 45% used [0x00000006c0000000,0x00000006c4dc2010,0x00000006cab00000)
 Metaspace       used 14970K, capacity 15196K, committed 15488K, reserved 1062912K
  class space    used 1698K, capacity 1795K, committed 1920K, reserved 1048576K
GC Heap History (8 events):
Event: 1.950 GC heap before
{Heap before GC invocations=1 (full 0):
 PSYoungGen      total 76288K, used 65536K [0x000000076ab00000, 0x0000000770000000, 0x00000007c0000000)
  eden space 65536K, 100% used [0x000000076ab00000,0x000000076eb00000,0x000000076eb00000)
  from space 10752K, 0% used [0x000000076f580000,0x000000076f580000,0x0000000770000000)
  to   space 10752K, 0% used [0x000000076eb00000,0x000000076eb00000,0x000000076f580000)
 ParOldGen       total 175104K, used 0K [0x00000006c0000000, 0x00000006cab00000, 0x000000076ab00000)
  object space 175104K, 0% used [0x00000006c0000000,0x00000006c0000000,0x00000006cab00000)
 Metaspace       used 9659K, capacity 9864K, committed 9984K, reserved 1058816K
  class space    used 1160K, capacity 1217K, committed 1280K, reserved 1048576K
Event: 1.957 GC heap after
Heap after GC invocations=1 (full 0):
 PSYoungGen      total 76288K, used 10487K [0x000000076ab00000, 0x0000000770000000, 0x00000007c0000000)
  eden space 65536K, 0% used [0x000000076ab00000,0x000000076ab00000,0x000000076eb00000)
  from space 10752K, 97% used [0x000000076eb00000,0x000000076f53de50,0x000000076f580000)
  to   space 10752K, 0% used [0x000000076f580000,0x000000076f580000,0x0000000770000000)
 ParOldGen       total 175104K, used 13564K [0x00000006c0000000, 0x00000006cab00000, 0x000000076ab00000)
  object space 175104K, 7% used [0x00000006c0000000,0x00000006c0d3f130,0x00000006cab00000)
 Metaspace       used 9659K, capacity 9864K, committed 9984K, reserved 1058816K
  class space    used 1160K, capacity 1217K, committed 1280K, reserved 1048576K
}
Event: 3.586 GC heap before
{Heap before GC invocations=2 (full 0):
 PSYoungGen      total 76288K, used 76023K [0x000000076ab00000, 0x0000000770000000, 0x00000007c0000000)
  eden space 65536K, 100% used [0x000000076ab00000,0x000000076eb00000,0x000000076eb00000)
  from space 10752K, 97% used [0x000000076eb00000,0x000000076f53de50,0x000000076f580000)
  to   space 10752K, 0% used [0x000000076f580000,0x000000076f580000,0x0000000770000000)
 ParOldGen       total 175104K, used 13564K [0x00000006c0000000, 0x00000006cab00000, 0x000000076ab00000)
  object space 175104K, 7% used [0x00000006c0000000,0x00000006c0d3f130,0x00000006cab00000)
 Metaspace       used 14714K, capacity 14830K, committed 15104K, reserved 1062912K
  class space    used 1693K, capacity 1762K, committed 1792K, reserved 1048576K
Event: 3.596 GC heap after
Heap after GC invocations=2 (full 0):
 PSYoungGen      total 76288K, used 10744K [0x000000076ab00000, 0x0000000770000000, 0x00000007c0000000)
  eden space 65536K, 0% used [0x000000076ab00000,0x000000076ab00000,0x000000076eb00000)
  from space 10752K, 99% used [0x000000076f580000,0x000000076fffe220,0x0000000770000000)
  to   space 10752K, 0% used [0x000000076eb00000,0x000000076eb00000,0x000000076f580000)
 ParOldGen       total 175104K, used 36278K [0x00000006c0000000, 0x00000006cab00000, 0x000000076ab00000)
  object space 175104K, 20% used [0x00000006c0000000,0x00000006c236d870,0x00000006cab00000)
 Metaspace       used 14714K, capacity 14830K, committed 15104K, reserved 1062912K
  class space    used 1693K, capacity 1762K, committed 1792K, reserved 1048576K
}
Event: 5.714 GC heap before
{Heap before GC invocations=3 (full 0):
 PSYoungGen      total 76288K, used 76280K [0x000000076ab00000, 0x0000000770000000, 0x00000007c0000000)
  eden space 65536K, 100% used [0x000000076ab00000,0x000000076eb00000,0x000000076eb00000)
  from space 10752K, 99% used [0x000000076f580000,0x000000076fffe220,0x0000000770000000)
  to   space 10752K, 0% used [0x000000076eb00000,0x000000076eb00000,0x000000076f580000)
 ParOldGen       total 175104K, used 36278K [0x00000006c0000000, 0x00000006cab00000, 0x000000076ab00000)
  object space 175104K, 20% used [0x00000006c0000000,0x00000006c236d870,0x00000006cab00000)
 Metaspace       used 14760K, capacity 14996K, committed 15232K, reserved 1062912K
  class space    used 1697K, capacity 1795K, committed 1920K, reserved 1048576K
Event: 5.725 GC heap after
Heap after GC invocations=3 (full 0):
 PSYoungGen      total 76288K, used 10732K [0x000000076ab00000, 0x0000000770000000, 0x00000007c0000000)
  eden space 65536K, 0% used [0x000000076ab00000,0x000000076ab00000,0x000000076eb00000)
  from space 10752K, 99% used [0x000000076eb00000,0x000000076f57b180,0x000000076f580000)
  to   space 10752K, 0% used [0x000000076f580000,0x000000076f580000,0x0000000770000000)
 ParOldGen       total 175104K, used 60157K [0x00000006c0000000, 0x00000006cab00000, 0x000000076ab00000)
  object space 175104K, 34% used [0x00000006c0000000,0x00000006c3abf790,0x00000006cab00000)
 Metaspace       used 14760K, capacity 14996K, committed 15232K, reserved 1062912K
  class space    used 1697K, capacity 1795K, committed 1920K, reserved 1048576K
}
Event: 8.933 GC heap before
{Heap before GC invocations=4 (full 0):
 PSYoungGen      total 76288K, used 76268K [0x000000076ab00000, 0x0000000770000000, 0x00000007c0000000)
  eden space 65536K, 100% used [0x000000076ab00000,0x000000076eb00000,0x000000076eb00000)
  from space 10752K, 99% used [0x000000076eb00000,0x000000076f57b180,0x000000076f580000)
  to   space 10752K, 0% used [0x000000076f580000,0x000000076f580000,0x0000000770000000)
 ParOldGen       total 175104K, used 60157K [0x00000006c0000000, 0x00000006cab00000, 0x000000076ab00000)
  object space 175104K, 34% used [0x00000006c0000000,0x00000006c3abf790,0x00000006cab00000)
 Metaspace       used 14970K, capacity 15196K, committed 15488K, reserved 1062912K
  class space    used 1698K, capacity 1795K, committed 1920K, reserved 1048576K
Event: 8.943 GC heap after
Heap after GC invocations=4 (full 0):
 PSYoungGen      total 76288K, used 10307K [0x000000076ab00000, 0x0000000770000000, 0x00000007c0000000)
  eden space 65536K, 0% used [0x000000076ab00000,0x000000076ab00000,0x000000076eb00000)
  from space 10752K, 95% used [0x000000076f580000,0x000000076ff90d80,0x0000000770000000)
  to   space 10752K, 0% used [0x000000076eb00000,0x000000076eb00000,0x000000076f580000)
 ParOldGen       total 175104K, used 79624K [0x00000006c0000000, 0x00000006cab00000, 0x000000076ab00000)
  object space 175104K, 45% used [0x00000006c0000000,0x00000006c4dc2010,0x00000006cab00000)
 Metaspace       used 14970K, capacity 15196K, committed 15488K, reserved 1062912K
  class space    used 1698K, capacity 1795K, committed 1920K, reserved 1048576K
}

